<?xml version="1.0" encoding="UTF-8"?>
<testsuite name="cloud.folium.usercrud.unit.UserServiceTest" tests="7" skipped="0" failures="0" errors="0" timestamp="2022-06-17T03:39:55" hostname="Akzhols-MBP.Dlink" time="0.629">
  <properties/>
  <testcase name="Then: should return false" classname="cloud.folium.usercrud.unit.UserServiceTest" time="0.018"/>
  <testcase name="Then: should return true" classname="cloud.folium.usercrud.unit.UserServiceTest" time="0.032"/>
  <testcase name="Then: should return true" classname="cloud.folium.usercrud.unit.UserServiceTest" time="0.03"/>
  <testcase name="Then: should return false" classname="cloud.folium.usercrud.unit.UserServiceTest" time="0.084"/>
  <testcase name="Then: should return null" classname="cloud.folium.usercrud.unit.UserServiceTest" time="0.031"/>
  <testcase name="Then: received object's fields should match with sent user object fields" classname="cloud.folium.usercrud.unit.UserServiceTest" time="0.059"/>
  <testcase name="Then: received object should be null" classname="cloud.folium.usercrud.unit.UserServiceTest" time="0.028"/>
  <system-out><![CDATA[2022-06-17 08:39:52.711  INFO 99194 --- [er @coroutine#3] .b.t.c.SpringBootTestContextBootstrapper : Neither @ContextConfiguration nor @ContextHierarchy found for test class [cloud.folium.usercrud.unit.UserServiceTest], using SpringBootContextLoader
2022-06-17 08:39:52.715  INFO 99194 --- [er @coroutine#3] o.s.t.c.support.AbstractContextLoader    : Could not detect default resource locations for test class [cloud.folium.usercrud.unit.UserServiceTest]: no resource found for suffixes {-context.xml, Context.groovy}.
2022-06-17 08:39:52.715  INFO 99194 --- [er @coroutine#3] t.c.s.AnnotationConfigContextLoaderUtils : Could not detect default configuration classes for test class [cloud.folium.usercrud.unit.UserServiceTest]: UserServiceTest does not declare any static, non-private, non-final, nested classes annotated with @Configuration.
2022-06-17 08:39:52.740  INFO 99194 --- [er @coroutine#3] .b.t.c.SpringBootTestContextBootstrapper : Found @SpringBootConfiguration cloud.folium.usercrud.UserСrudApplication for test class cloud.folium.usercrud.unit.UserServiceTest
2022-06-17 08:39:52.743  INFO 99194 --- [er @coroutine#3] .b.t.c.SpringBootTestContextBootstrapper : Loaded default TestExecutionListener class names from location [META-INF/spring.factories]: [com.ninjasquad.springmockk.MockkTestExecutionListener, com.ninjasquad.springmockk.ClearMocksTestExecutionListener, org.springframework.security.test.context.support.WithSecurityContextTestExecutionListener, org.springframework.security.test.context.support.ReactorContextTestExecutionListener, org.springframework.test.context.web.ServletTestExecutionListener, org.springframework.test.context.support.DirtiesContextBeforeModesTestExecutionListener, org.springframework.test.context.event.ApplicationEventsTestExecutionListener, org.springframework.test.context.support.DependencyInjectionTestExecutionListener, org.springframework.test.context.support.DirtiesContextTestExecutionListener, org.springframework.test.context.transaction.TransactionalTestExecutionListener, org.springframework.test.context.jdbc.SqlScriptsTestExecutionListener, org.springframework.test.context.event.EventPublishingTestExecutionListener, org.springframework.boot.test.autoconfigure.restdocs.RestDocsTestExecutionListener, org.springframework.boot.test.autoconfigure.web.client.MockRestServiceServerResetTestExecutionListener, org.springframework.boot.test.autoconfigure.web.servlet.MockMvcPrintOnlyOnFailureTestExecutionListener, org.springframework.boot.test.autoconfigure.web.servlet.WebDriverTestExecutionListener, org.springframework.boot.test.autoconfigure.webservices.client.MockWebServiceServerTestExecutionListener, org.springframework.boot.test.mock.mockito.MockitoTestExecutionListener, org.springframework.boot.test.mock.mockito.ResetMocksTestExecutionListener]
2022-06-17 08:39:52.744  INFO 99194 --- [er @coroutine#3] .b.t.c.SpringBootTestContextBootstrapper : Using TestExecutionListeners: [org.springframework.test.context.web.ServletTestExecutionListener@2ef4e7f3, org.springframework.test.context.support.DirtiesContextBeforeModesTestExecutionListener@168b28ef, org.springframework.test.context.event.ApplicationEventsTestExecutionListener@e8fabad, com.ninjasquad.springmockk.MockkTestExecutionListener@13866e67, org.springframework.boot.test.mock.mockito.MockitoTestExecutionListener@1a44d89b, org.springframework.boot.test.autoconfigure.SpringBootDependencyInjectionTestExecutionListener@5547476c, org.springframework.test.context.support.DirtiesContextTestExecutionListener@26664caa, org.springframework.test.context.transaction.TransactionalTestExecutionListener@6b3eb57, org.springframework.test.context.jdbc.SqlScriptsTestExecutionListener@3a0f6b1a, org.springframework.security.test.context.support.WithSecurityContextTestExecutionListener@559c3710, org.springframework.test.context.event.EventPublishingTestExecutionListener@418b3215, org.springframework.security.test.context.support.ReactorContextTestExecutionListener@58fb9020, com.ninjasquad.springmockk.ClearMocksTestExecutionListener@19ed779e, org.springframework.boot.test.autoconfigure.restdocs.RestDocsTestExecutionListener@2dfde704, org.springframework.boot.test.autoconfigure.web.client.MockRestServiceServerResetTestExecutionListener@357e6334, org.springframework.boot.test.autoconfigure.web.servlet.MockMvcPrintOnlyOnFailureTestExecutionListener@31809f2b, org.springframework.boot.test.autoconfigure.web.servlet.WebDriverTestExecutionListener@43a34f02, org.springframework.boot.test.autoconfigure.webservices.client.MockWebServiceServerTestExecutionListener@1a445b5, org.springframework.boot.test.mock.mockito.ResetMocksTestExecutionListener@4785f176]

  .   ____          _            __ _ _
 /\\ / ___'_ __ _ _(_)_ __  __ _ \ \ \ \
( ( )\___ | '_ | '_| | '_ \/ _` | \ \ \ \
 \\/  ___)| |_)| | | | | || (_| |  ) ) ) )
  '  |____| .__|_| |_|_| |_\__, | / / / /
 =========|_|==============|___/=/_/_/_/
 :: Spring Boot ::                (v2.7.0)

2022-06-17 08:39:52.789  INFO 99194 --- [er @coroutine#3] c.folium.usercrud.unit.UserServiceTest   : Starting UserServiceTest using Java 17.0.1 on Akzhols-MBP.Dlink with PID 99194 (started by rockkstar in /Users/rockkstar/Downloads/userCrudKotlin-main/Downloads/usercrud)
2022-06-17 08:39:52.789  INFO 99194 --- [er @coroutine#3] c.folium.usercrud.unit.UserServiceTest   : No active profile set, falling back to 1 default profile: "default"
2022-06-17 08:39:53.077  INFO 99194 --- [er @coroutine#3] .s.d.r.c.RepositoryConfigurationDelegate : Bootstrapping Spring Data JPA repositories in DEFAULT mode.
2022-06-17 08:39:53.099  INFO 99194 --- [er @coroutine#3] .s.d.r.c.RepositoryConfigurationDelegate : Finished Spring Data repository scanning in 21 ms. Found 1 JPA repository interfaces.
2022-06-17 08:39:53.293  INFO 99194 --- [er @coroutine#3] o.hibernate.jpa.internal.util.LogHelper  : HHH000204: Processing PersistenceUnitInfo [name: default]
2022-06-17 08:39:53.299  INFO 99194 --- [er @coroutine#3] com.zaxxer.hikari.HikariDataSource       : HikariPool-2 - Starting...
2022-06-17 08:39:53.304  INFO 99194 --- [er @coroutine#3] com.zaxxer.hikari.HikariDataSource       : HikariPool-2 - Start completed.
2022-06-17 08:39:53.306  INFO 99194 --- [er @coroutine#3] org.hibernate.dialect.Dialect            : HHH000400: Using dialect: org.hibernate.dialect.H2Dialect
2022-06-17 08:39:53.361  INFO 99194 --- [er @coroutine#3] o.h.e.t.j.p.i.JtaPlatformInitiator       : HHH000490: Using JtaPlatform implementation: [org.hibernate.engine.transaction.jta.platform.internal.NoJtaPlatform]
2022-06-17 08:39:53.361  INFO 99194 --- [er @coroutine#3] j.LocalContainerEntityManagerFactoryBean : Initialized JPA EntityManagerFactory for persistence unit 'default'
2022-06-17 08:39:53.424  WARN 99194 --- [er @coroutine#3] JpaBaseConfiguration$JpaWebConfiguration : spring.jpa.open-in-view is enabled by default. Therefore, database queries may be performed during view rendering. Explicitly configure spring.jpa.open-in-view to disable this warning
2022-06-17 08:39:54.775  WARN 99194 --- [er @coroutine#3] o.s.s.c.a.web.builders.WebSecurity       : You are asking Spring Security to ignore Ant [pattern='/h2-console/**']. This is not recommended -- please use permitAll via HttpSecurity#authorizeHttpRequests instead.
2022-06-17 08:39:54.775  INFO 99194 --- [er @coroutine#3] o.s.s.web.DefaultSecurityFilterChain     : Will not secure Ant [pattern='/h2-console/**']
2022-06-17 08:39:54.814  INFO 99194 --- [er @coroutine#3] o.s.s.web.DefaultSecurityFilterChain     : Will secure any request with [org.springframework.security.web.session.DisableEncodeUrlFilter@cd19d0a, org.springframework.security.web.context.request.async.WebAsyncManagerIntegrationFilter@2dddf634, org.springframework.security.web.context.SecurityContextPersistenceFilter@4c57acc5, org.springframework.security.web.header.HeaderWriterFilter@45e65f8, org.springframework.security.web.authentication.logout.LogoutFilter@6f800942, org.springframework.security.web.authentication.www.BasicAuthenticationFilter@47cd31ea, org.springframework.security.web.savedrequest.RequestCacheAwareFilter@4ba25170, org.springframework.security.web.servletapi.SecurityContextHolderAwareRequestFilter@38b14624, org.springframework.security.web.authentication.AnonymousAuthenticationFilter@4df0eb55, org.springframework.security.web.session.SessionManagementFilter@12b67070, org.springframework.security.web.access.ExceptionTranslationFilter@6f4fa62f, org.springframework.security.web.access.intercept.FilterSecurityInterceptor@13d305e4]
2022-06-17 08:39:55.000  INFO 99194 --- [er @coroutine#3] o.s.b.a.h2.H2ConsoleAutoConfiguration    : H2 console available at '/h2-console'. Database available at 'jdbc:h2:file:./src/main/java/com/example/usercrud/Database/Database'
2022-06-17 08:39:55.196  INFO 99194 --- [er @coroutine#3] c.folium.usercrud.unit.UserServiceTest   : Started UserServiceTest in 2.449 seconds (JVM running for 25.379)
WARN: Duplicated test name Repository returns true for existsByEmail(). To disable this message, set DuplicateTestNameMode to None.
WARN: Duplicated test name Repository returns false for existsByEmail(). To disable this message, set DuplicateTestNameMode to None.
WARN: Duplicated test name Repository returns true for existsByEmail(). To disable this message, set DuplicateTestNameMode to None.
WARN: Duplicated test name Repository returns false for existsByEmail(). To disable this message, set DuplicateTestNameMode to None.
]]></system-out>
  <system-err><![CDATA[]]></system-err>
</testsuite>
